2021-01-17 15:34:33 INFO  Version:44 - HHH000412: Hibernate ORM core version 5.4.27.Final
2021-01-17 15:34:34 INFO  Version:56 - HCANN000001: Hibernate Commons Annotations {5.1.2.Final}
2021-01-17 15:34:36 INFO  Dialect:175 - HHH000400: Using dialect: org.hibernate.dialect.PostgreSQLDialect
2021-01-17 15:34:38 INFO  Version:21 - HV000001: Hibernate Validator 6.1.5.Final
2021-01-17 15:34:40 INFO  JtaPlatformInitiator:52 - HHH000490: Using JtaPlatform implementation: [org.hibernate.engine.transaction.jta.platform.internal.NoJtaPlatform]
2021-01-17 15:35:00 INFO  LogUtil:26 - Attempting to run class com.controllerpack.LoginController: login
2021-01-17 15:35:00 INFO  LogUtil:40 - Attempting to run class com.servicepack.UserServiceImpl: getUserByCredentials
2021-01-17 15:35:01 INFO  LogUtil:33 - Attempting to run class com.repo.UserRepoImpl: selectByCredentials
2021-01-17 15:35:02 INFO  LogUtil:55 - class com.repo.UserRepoImpl: selectByCredentials ran successfully
2021-01-17 15:35:02 INFO  LogUtil:62 - class com.servicepack.UserServiceImpl: getUserByCredentials ran successfully
2021-01-17 15:35:02 INFO  LogUtil:48 - class com.controllerpack.LoginController: login ran successfully
2021-01-17 15:39:08 INFO  Version:44 - HHH000412: Hibernate ORM core version 5.4.27.Final
2021-01-17 15:39:09 INFO  Version:56 - HCANN000001: Hibernate Commons Annotations {5.1.2.Final}
2021-01-17 15:39:10 INFO  Dialect:175 - HHH000400: Using dialect: org.hibernate.dialect.PostgreSQLDialect
2021-01-17 15:39:13 INFO  Version:21 - HV000001: Hibernate Validator 6.1.5.Final
2021-01-17 15:39:16 INFO  JtaPlatformInitiator:52 - HHH000490: Using JtaPlatform implementation: [org.hibernate.engine.transaction.jta.platform.internal.NoJtaPlatform]
2021-01-17 15:46:20 INFO  Version:44 - HHH000412: Hibernate ORM core version 5.4.27.Final
2021-01-17 15:46:21 INFO  Version:56 - HCANN000001: Hibernate Commons Annotations {5.1.2.Final}
2021-01-17 15:46:22 INFO  Dialect:175 - HHH000400: Using dialect: org.hibernate.dialect.PostgreSQLDialect
2021-01-17 15:46:24 INFO  Version:21 - HV000001: Hibernate Validator 6.1.5.Final
2021-01-17 15:46:28 INFO  JtaPlatformInitiator:52 - HHH000490: Using JtaPlatform implementation: [org.hibernate.engine.transaction.jta.platform.internal.NoJtaPlatform]
2021-01-18 19:50:04 INFO  Version:44 - HHH000412: Hibernate ORM core version 5.4.27.Final
2021-01-18 19:50:05 INFO  Version:56 - HCANN000001: Hibernate Commons Annotations {5.1.2.Final}
2021-01-18 19:50:05 INFO  Dialect:175 - HHH000400: Using dialect: org.hibernate.dialect.PostgreSQLDialect
2021-01-18 19:50:07 INFO  Version:21 - HV000001: Hibernate Validator 6.1.5.Final
2021-01-18 19:50:08 INFO  JtaPlatformInitiator:52 - HHH000490: Using JtaPlatform implementation: [org.hibernate.engine.transaction.jta.platform.internal.NoJtaPlatform]
2021-01-18 19:50:15 INFO  Version:44 - HHH000412: Hibernate ORM core version 5.4.27.Final
2021-01-18 19:50:16 INFO  Version:56 - HCANN000001: Hibernate Commons Annotations {5.1.2.Final}
2021-01-18 19:50:17 INFO  Dialect:175 - HHH000400: Using dialect: org.hibernate.dialect.PostgreSQLDialect
2021-01-18 19:50:18 INFO  Version:21 - HV000001: Hibernate Validator 6.1.5.Final
2021-01-18 19:50:19 INFO  JtaPlatformInitiator:52 - HHH000490: Using JtaPlatform implementation: [org.hibernate.engine.transaction.jta.platform.internal.NoJtaPlatform]
2021-01-18 19:50:34 INFO  Version:44 - HHH000412: Hibernate ORM core version 5.4.27.Final
2021-01-18 19:50:35 INFO  Version:56 - HCANN000001: Hibernate Commons Annotations {5.1.2.Final}
2021-01-18 19:50:36 INFO  Dialect:175 - HHH000400: Using dialect: org.hibernate.dialect.PostgreSQLDialect
2021-01-18 19:50:37 INFO  Version:21 - HV000001: Hibernate Validator 6.1.5.Final
2021-01-18 19:50:38 INFO  JtaPlatformInitiator:52 - HHH000490: Using JtaPlatform implementation: [org.hibernate.engine.transaction.jta.platform.internal.NoJtaPlatform]
2021-01-18 19:52:51 INFO  LogUtil:26 - Attempting to run class com.controllerpack.LoginController: login
2021-01-18 19:52:51 INFO  LogUtil:40 - Attempting to run class com.servicepack.UserServiceImpl: getUserByCredentials
2021-01-18 19:52:52 INFO  LogUtil:33 - Attempting to run class com.repo.UserRepoImpl: selectByCredentials
2021-01-18 19:52:55 INFO  LogUtil:55 - class com.repo.UserRepoImpl: selectByCredentials ran successfully
2021-01-18 19:52:55 INFO  LogUtil:62 - class com.servicepack.UserServiceImpl: getUserByCredentials ran successfully
2021-01-18 19:52:55 INFO  LogUtil:48 - class com.controllerpack.LoginController: login ran successfully
2021-01-18 19:52:55 INFO  LogUtil:26 - Attempting to run class com.controllerpack.PostController: getAllPosts
2021-01-18 19:52:55 INFO  LogUtil:40 - Attempting to run class com.servicepack.PostsServiceImpl: getAllPosts
2021-01-18 19:52:56 INFO  LogUtil:33 - Attempting to run class com.repo.PostsRepoImpl: selectAll
2021-01-18 19:52:56 INFO  LogUtil:55 - class com.repo.PostsRepoImpl: selectAll ran successfully
2021-01-18 19:52:56 INFO  LogUtil:62 - class com.servicepack.PostsServiceImpl: getAllPosts ran successfully
2021-01-18 19:52:56 INFO  LogUtil:40 - Attempting to run class com.servicepack.PostsServiceImpl: getAllPosts
2021-01-18 19:52:57 INFO  LogUtil:33 - Attempting to run class com.repo.PostsRepoImpl: selectAll
2021-01-18 19:52:58 INFO  LogUtil:55 - class com.repo.PostsRepoImpl: selectAll ran successfully
2021-01-18 19:52:58 INFO  LogUtil:62 - class com.servicepack.PostsServiceImpl: getAllPosts ran successfully
2021-01-18 19:52:58 INFO  LogUtil:48 - class com.controllerpack.PostController: getAllPosts ran successfully
2021-01-18 19:53:45 INFO  Version:44 - HHH000412: Hibernate ORM core version 5.4.27.Final
2021-01-18 19:53:45 INFO  Version:56 - HCANN000001: Hibernate Commons Annotations {5.1.2.Final}
2021-01-18 19:53:46 INFO  Dialect:175 - HHH000400: Using dialect: org.hibernate.dialect.PostgreSQLDialect
2021-01-18 19:53:47 INFO  Version:21 - HV000001: Hibernate Validator 6.1.5.Final
2021-01-18 19:53:48 INFO  JtaPlatformInitiator:52 - HHH000490: Using JtaPlatform implementation: [org.hibernate.engine.transaction.jta.platform.internal.NoJtaPlatform]
2021-01-18 19:53:49 INFO  LogUtil:33 - Attempting to run class com.repo.PostsRepoImpl: selectAll
2021-01-18 19:53:50 INFO  LogUtil:55 - class com.repo.PostsRepoImpl: selectAll ran successfully
2021-01-18 19:53:51 INFO  LogUtil:33 - Attempting to run class com.repo.PostsRepoImpl: selectByAuthor
2021-01-18 19:53:51 INFO  LogUtil:55 - class com.repo.PostsRepoImpl: selectByAuthor ran successfully
2021-01-18 19:53:52 INFO  LogUtil:33 - Attempting to run class com.repo.PostsRepoImpl: selectById
2021-01-18 19:53:53 INFO  LogUtil:55 - class com.repo.PostsRepoImpl: selectById ran successfully
2021-01-20 17:46:29 INFO  Version:44 - HHH000412: Hibernate ORM core version 5.4.27.Final
2021-01-20 17:46:30 INFO  Version:56 - HCANN000001: Hibernate Commons Annotations {5.1.2.Final}
2021-01-20 17:46:32 INFO  Dialect:175 - HHH000400: Using dialect: org.hibernate.dialect.PostgreSQLDialect
2021-01-20 17:46:33 INFO  Version:21 - HV000001: Hibernate Validator 6.1.5.Final
2021-01-20 17:46:36 INFO  JtaPlatformInitiator:52 - HHH000490: Using JtaPlatform implementation: [org.hibernate.engine.transaction.jta.platform.internal.NoJtaPlatform]
2021-01-20 18:35:58 INFO  LogUtil:26 - Attempting to run class com.controllerpack.UserController: insertNewUser
2021-01-20 18:35:58 INFO  LogUtil:40 - Attempting to run class com.servicepack.UserServiceImpl: addUser
2021-01-20 18:35:59 INFO  LogUtil:33 - Attempting to run class com.repo.UserRepoImpl: insert
2021-01-20 18:35:59 INFO  LogUtil:55 - class com.repo.UserRepoImpl: insert ran successfully
2021-01-20 18:35:59 WARN  SqlExceptionHelper:137 - SQL Error: 0, SQLState: 42703
2021-01-20 18:35:59 ERROR SqlExceptionHelper:142 - ERROR: column "profilepic" of relation "users" does not exist
  Position: 60
2021-01-20 18:35:59 INFO  LogUtil:62 - class com.servicepack.UserServiceImpl: addUser ran successfully
2021-01-20 18:35:59 INFO  LogUtil:48 - class com.controllerpack.UserController: insertNewUser ran successfully
2021-01-20 18:37:27 INFO  Version:44 - HHH000412: Hibernate ORM core version 5.4.27.Final
2021-01-20 18:37:28 INFO  Version:56 - HCANN000001: Hibernate Commons Annotations {5.1.2.Final}
2021-01-20 18:37:30 INFO  Dialect:175 - HHH000400: Using dialect: org.hibernate.dialect.PostgreSQLDialect
2021-01-20 18:37:31 INFO  Version:21 - HV000001: Hibernate Validator 6.1.5.Final
2021-01-20 18:37:35 INFO  JtaPlatformInitiator:52 - HHH000490: Using JtaPlatform implementation: [org.hibernate.engine.transaction.jta.platform.internal.NoJtaPlatform]
2021-01-20 18:38:10 INFO  Version:44 - HHH000412: Hibernate ORM core version 5.4.27.Final
2021-01-20 18:38:11 INFO  Version:56 - HCANN000001: Hibernate Commons Annotations {5.1.2.Final}
2021-01-20 18:38:13 INFO  Dialect:175 - HHH000400: Using dialect: org.hibernate.dialect.PostgreSQLDialect
2021-01-20 18:38:14 INFO  Version:21 - HV000001: Hibernate Validator 6.1.5.Final
2021-01-20 18:38:16 INFO  JtaPlatformInitiator:52 - HHH000490: Using JtaPlatform implementation: [org.hibernate.engine.transaction.jta.platform.internal.NoJtaPlatform]
2021-01-20 18:39:07 INFO  LogUtil:26 - Attempting to run class com.controllerpack.LoginController: login
2021-01-20 18:39:08 INFO  LogUtil:40 - Attempting to run class com.servicepack.UserServiceImpl: getUserByCredentials
2021-01-20 18:39:08 INFO  LogUtil:33 - Attempting to run class com.repo.UserRepoImpl: selectByCredentials
2021-01-20 18:39:09 INFO  LogUtil:55 - class com.repo.UserRepoImpl: selectByCredentials ran successfully
2021-01-20 18:39:09 INFO  LogUtil:62 - class com.servicepack.UserServiceImpl: getUserByCredentials ran successfully
2021-01-20 18:39:09 INFO  LogUtil:48 - class com.controllerpack.LoginController: login ran successfully
2021-01-20 18:40:07 INFO  LogUtil:26 - Attempting to run class com.controllerpack.UserController: insertNewUser
2021-01-20 18:40:07 INFO  LogUtil:40 - Attempting to run class com.servicepack.UserServiceImpl: addUser
2021-01-20 18:40:08 INFO  LogUtil:33 - Attempting to run class com.repo.UserRepoImpl: insert
2021-01-20 18:40:08 INFO  LogUtil:55 - class com.repo.UserRepoImpl: insert ran successfully
2021-01-20 18:40:08 INFO  LogUtil:62 - class com.servicepack.UserServiceImpl: addUser ran successfully
2021-01-20 18:40:08 INFO  LogUtil:48 - class com.controllerpack.UserController: insertNewUser ran successfully
2021-01-20 18:40:09 INFO  LogUtil:26 - Attempting to run class com.controllerpack.PostController: getAllPosts
2021-01-20 18:40:09 INFO  LogUtil:40 - Attempting to run class com.servicepack.PostsServiceImpl: getAllPosts
2021-01-20 18:40:09 INFO  LogUtil:33 - Attempting to run class com.repo.PostsRepoImpl: selectAll
2021-01-20 18:40:09 INFO  LogUtil:55 - class com.repo.PostsRepoImpl: selectAll ran successfully
2021-01-20 18:40:09 INFO  LogUtil:62 - class com.servicepack.PostsServiceImpl: getAllPosts ran successfully
2021-01-20 18:40:09 INFO  LogUtil:40 - Attempting to run class com.servicepack.PostsServiceImpl: getAllPosts
2021-01-20 18:40:09 INFO  LogUtil:33 - Attempting to run class com.repo.PostsRepoImpl: selectAll
2021-01-20 18:40:09 INFO  LogUtil:55 - class com.repo.PostsRepoImpl: selectAll ran successfully
2021-01-20 18:40:09 INFO  LogUtil:62 - class com.servicepack.PostsServiceImpl: getAllPosts ran successfully
2021-01-20 18:40:09 INFO  LogUtil:48 - class com.controllerpack.PostController: getAllPosts ran successfully
2021-01-20 18:40:53 INFO  LogUtil:26 - Attempting to run class com.controllerpack.PostController: getPostByUsername
2021-01-20 18:40:53 INFO  LogUtil:40 - Attempting to run class com.servicepack.UserServiceImpl: getUserByUsername
2021-01-20 18:40:54 INFO  LogUtil:33 - Attempting to run class com.repo.UserRepoImpl: selectByUsername
2021-01-20 18:40:54 INFO  LogUtil:55 - class com.repo.UserRepoImpl: selectByUsername ran successfully
2021-01-20 18:40:54 INFO  LogUtil:62 - class com.servicepack.UserServiceImpl: getUserByUsername ran successfully
2021-01-20 18:40:54 INFO  LogUtil:40 - Attempting to run class com.servicepack.UserServiceImpl: getUserByUsername
2021-01-20 18:40:54 INFO  LogUtil:33 - Attempting to run class com.repo.UserRepoImpl: selectByUsername
2021-01-20 18:40:54 INFO  LogUtil:55 - class com.repo.UserRepoImpl: selectByUsername ran successfully
2021-01-20 18:40:54 INFO  LogUtil:62 - class com.servicepack.UserServiceImpl: getUserByUsername ran successfully
2021-01-20 18:40:54 INFO  LogUtil:40 - Attempting to run class com.servicepack.PostsServiceImpl: getPostsByAuthor
2021-01-20 18:40:54 INFO  LogUtil:33 - Attempting to run class com.repo.PostsRepoImpl: selectByAuthor
2021-01-20 18:40:54 INFO  LogUtil:55 - class com.repo.PostsRepoImpl: selectByAuthor ran successfully
2021-01-20 18:40:54 INFO  LogUtil:62 - class com.servicepack.PostsServiceImpl: getPostsByAuthor ran successfully
2021-01-20 18:40:54 INFO  LogUtil:48 - class com.controllerpack.PostController: getPostByUsername ran successfully
2021-01-20 18:41:12 INFO  LogUtil:26 - Attempting to run class com.controllerpack.PostController: createPost
2021-01-20 18:41:12 INFO  LogUtil:40 - Attempting to run class com.servicepack.UserServiceImpl: getUserById
2021-01-20 18:41:12 INFO  LogUtil:33 - Attempting to run class com.repo.UserRepoImpl: selectById
2021-01-20 18:41:12 INFO  LogUtil:55 - class com.repo.UserRepoImpl: selectById ran successfully
2021-01-20 18:41:12 INFO  LogUtil:62 - class com.servicepack.UserServiceImpl: getUserById ran successfully
2021-01-20 18:41:12 INFO  LogUtil:40 - Attempting to run class com.servicepack.PostsServiceImpl: addPost
2021-01-20 18:41:12 INFO  LogUtil:33 - Attempting to run class com.repo.PostsRepoImpl: insert
2021-01-20 18:41:12 INFO  LogUtil:55 - class com.repo.PostsRepoImpl: insert ran successfully
2021-01-20 18:41:12 INFO  LogUtil:62 - class com.servicepack.PostsServiceImpl: addPost ran successfully
2021-01-20 18:41:12 INFO  LogUtil:48 - class com.controllerpack.PostController: createPost ran successfully
2021-01-20 18:41:17 INFO  LogUtil:26 - Attempting to run class com.controllerpack.PostController: getAllPosts
2021-01-20 18:41:17 INFO  LogUtil:40 - Attempting to run class com.servicepack.PostsServiceImpl: getAllPosts
2021-01-20 18:41:18 INFO  LogUtil:33 - Attempting to run class com.repo.PostsRepoImpl: selectAll
2021-01-20 18:41:18 INFO  LogUtil:55 - class com.repo.PostsRepoImpl: selectAll ran successfully
2021-01-20 18:41:18 INFO  LogUtil:62 - class com.servicepack.PostsServiceImpl: getAllPosts ran successfully
2021-01-20 18:41:18 INFO  LogUtil:40 - Attempting to run class com.servicepack.PostsServiceImpl: getAllPosts
2021-01-20 18:41:18 INFO  LogUtil:33 - Attempting to run class com.repo.PostsRepoImpl: selectAll
2021-01-20 18:41:18 INFO  LogUtil:55 - class com.repo.PostsRepoImpl: selectAll ran successfully
2021-01-20 18:41:18 INFO  LogUtil:62 - class com.servicepack.PostsServiceImpl: getAllPosts ran successfully
2021-01-20 18:41:18 INFO  LogUtil:48 - class com.controllerpack.PostController: getAllPosts ran successfully
2021-01-20 18:41:24 INFO  LogUtil:26 - Attempting to run class com.controllerpack.PostController: insertLike
2021-01-20 18:41:24 INFO  LogUtil:40 - Attempting to run class com.servicepack.UserServiceImpl: getUserByUsername
2021-01-20 18:41:24 INFO  LogUtil:33 - Attempting to run class com.repo.UserRepoImpl: selectByUsername
2021-01-20 18:41:24 INFO  LogUtil:55 - class com.repo.UserRepoImpl: selectByUsername ran successfully
2021-01-20 18:41:24 INFO  LogUtil:62 - class com.servicepack.UserServiceImpl: getUserByUsername ran successfully
2021-01-20 18:41:24 INFO  LogUtil:40 - Attempting to run class com.servicepack.PostsServiceImpl: getPostById
2021-01-20 18:41:25 INFO  LogUtil:33 - Attempting to run class com.repo.PostsRepoImpl: selectById
2021-01-20 18:41:25 INFO  LogUtil:55 - class com.repo.PostsRepoImpl: selectById ran successfully
2021-01-20 18:41:25 INFO  LogUtil:62 - class com.servicepack.PostsServiceImpl: getPostById ran successfully
2021-01-20 18:41:25 INFO  LogUtil:40 - Attempting to run class com.servicepack.PostsServiceImpl: updatePost
2021-01-20 18:41:25 INFO  LogUtil:33 - Attempting to run class com.repo.PostsRepoImpl: update
2021-01-20 18:41:25 INFO  LogUtil:55 - class com.repo.PostsRepoImpl: update ran successfully
2021-01-20 18:41:25 INFO  LogUtil:62 - class com.servicepack.PostsServiceImpl: updatePost ran successfully
2021-01-20 18:41:25 INFO  LogUtil:48 - class com.controllerpack.PostController: insertLike ran successfully
